Hmm ... looks like a package
This is pdfTeX, Version 3.141592653-2.6-1.40.23 (TeX Live 2021/W32TeX) (preloaded format=pdflatex)
 restricted \write18 enabled.
entering extended mode
(./Rd2.tex
LaTeX2e <2021-11-15>
L3 programming layer <2021-11-12>
(c:/Users/andrew.little/AppData/Roaming/TinyTeX/texmf-dist/tex/latex/base/book.cls
Document Class: book 2021/10/04 v1.4n Standard LaTeX document class
(c:/Users/andrew.little/AppData/Roaming/TinyTeX/texmf-dist/tex/latex/base/bk10.clo)) (c:/Program Files/R/R-4.1.2/share/texmf/tex/latex/Rd.sty (c:/Users/andrew.little/AppData/Roaming/TinyTeX/texmf-dist/tex/latex/base/ifthen.sty) (c:/Users/andrew.little/AppData/Roaming/TinyTeX/texmf-dist/tex/latex/tools/longtable.sty) (c:/Users/andrew.little/AppData/Roaming/TinyTeX/texmf-dist/tex/latex/tools/bm.sty) (c:/Users/andrew.little/AppData/Roaming/TinyTeX/texmf-dist/tex/latex/base/alltt.sty) (c:/Users/andrew.little/AppData/Roaming/TinyTeX/texmf-dist/tex/latex/tools/verbatim.sty) (c:/Users/andrew.little/AppData/Roaming/TinyTeX/texmf-dist/tex/latex/url/url.sty) (c:/Users/andrew.little/AppData/Roaming/TinyTeX/texmf-dist/tex/latex/base/textcomp.sty) (c:/Users/andrew.little/AppData/Roaming/TinyTeX/texmf-dist/tex/latex/base/fontenc.sty) (c:/Users/andrew.little/AppData/Roaming/TinyTeX/texmf-dist/tex/latex/psnfss/times.sty)) (c:/Users/andrew.little/AppData/Roaming/TinyTeX/texmf-dist/tex/latex/base/inputenc.sty) (c:/Users/andrew.little/AppData/Roaming/TinyTeX/texmf-dist/tex/latex/psnfss/t1ptm.fd) (c:/Users/andrew.little/AppData/Roaming/TinyTeX/texmf-dist/tex/latex/l3backend/l3backend-pdftex.def)
No file Rd2.aux.
(c:/Users/andrew.little/AppData/Roaming/TinyTeX/texmf-dist/tex/latex/psnfss/ts1ptm.fd) (c:/Users/andrew.little/AppData/Roaming/TinyTeX/texmf-dist/tex/latex/psnfss/t1pcr.fd)name = pcrr8t, rootname = pcrr8t, pointsize = 
mktexmf: empty or non-existent rootfile!

kpathsea: Running mktexmf pcrr8t.mf

The command name is C:\Users\andrew.little\AppData\Roaming\TinyTeX\bin\win32\mktexmf
Cannot find pcrr8t.mf.

! Font T1/pcr/m/n/10=pcrr8t at 10.0pt not loadable: Metric (TFM) file not found.
<to be read again> 
                   relax 
l.21 ...tle }\email{andrewlittlebristol@gmail.com}
                                                  \AsIs{}
Missing character: There is no < in font nullfont!
Missing character: There is no a in font nullfont!
Missing character: There is no n in font nullfont!
Missing character: There is no d in font nullfont!
Missing character: There is no r in font nullfont!
Missing character: There is no e in font nullfont!
Missing character: There is no w in font nullfont!
Missing character: There is no l in font nullfont!
Missing character: There is no i in font nullfont!
Missing character: There is no t in font nullfont!
Missing character: There is no t in font nullfont!
Missing character: There is no l in font nullfont!
Missing character: There is no e in font nullfont!
Missing character: There is no b in font nullfont!
Missing character: There is no r in font nullfont!
Missing character: There is no i in font nullfont!
Missing character: There is no s in font nullfont!
Missing character: There is no t in font nullfont!
Missing character: There is no o in font nullfont!
Missing character: There is no l in font nullfont!
Missing character: There is no @ in font nullfont!
Missing character: There is no g in font nullfont!
Missing character: There is no m in font nullfont!
Missing character: There is no a in font nullfont!
Missing character: There is no i in font nullfont!
Missing character: There is no l in font nullfont!
Missing character: There is no . in font nullfont!
Missing character: There is no c in font nullfont!
Missing character: There is no o in font nullfont!
Missing character: There is no m in font nullfont!
Missing character: There is no > in font nullfont!
! \textfont 0 is undefined (character h).
\Url@FormatString ...\Url@String \UrlRight \m@th $
                                                  
l.24 <}\url{https://fantasy.premierleague.com/}
                                               \AsIs{>. In particular, it co...
! \textfont 0 is undefined (character t).
\Url@FormatString ...\Url@String \UrlRight \m@th $
                                                  
l.24 <}\url{https://fantasy.premierleague.com/}
                                               \AsIs{>. In particular, it co...
! \textfont 0 is undefined (character t).
\Url@FormatString ...\Url@String \UrlRight \m@th $
                                                  
l.24 <}\url{https://fantasy.premierleague.com/}
                                               \AsIs{>. In particular, it co...
! \textfont 0 is undefined (character p).
\Url@FormatString ...\Url@String \UrlRight \m@th $
                                                  
l.24 <}\url{https://fantasy.premierleague.com/}
                                               \AsIs{>. In particular, it co...
! \textfont 0 is undefined (character s).
\Url@FormatString ...\Url@String \UrlRight \m@th $
                                                  
l.24 <}\url{https://fantasy.premierleague.com/}
                                               \AsIs{>. In particular, it co...
! \textfont 0 is undefined (character :).
\Url@FormatString ...\Url@String \UrlRight \m@th $
                                                  
l.24 <}\url{https://fantasy.premierleague.com/}
                                               \AsIs{>. In particular, it co...
! \textfont 0 is undefined (character /).
\Url@FormatString ...\Url@String \UrlRight \m@th $
                                                  
l.24 <}\url{https://fantasy.premierleague.com/}
                                               \AsIs{>. In particular, it co...
! \textfont 0 is undefined (character /).
\Url@FormatString ...\Url@String \UrlRight \m@th $
                                                  
l.24 <}\url{https://fantasy.premierleague.com/}
                                               \AsIs{>. In particular, it co...
! \textfont 0 is undefined (character f).
\Url@FormatString ...\Url@String \UrlRight \m@th $
                                                  
l.24 <}\url{https://fantasy.premierleague.com/}
                                               \AsIs{>. In particular, it co...
! \textfont 0 is undefined (character a).
\Url@FormatString ...\Url@String \UrlRight \m@th $
                                                  
l.24 <}\url{https://fantasy.premierleague.com/}
                                               \AsIs{>. In particular, it co...
! \textfont 0 is undefined (character n).
\Url@FormatString ...\Url@String \UrlRight \m@th $
                                                  
l.24 <}\url{https://fantasy.premierleague.com/}
                                               \AsIs{>. In particular, it co...
! \textfont 0 is undefined (character t).
\Url@FormatString ...\Url@String \UrlRight \m@th $
                                                  
l.24 <}\url{https://fantasy.premierleague.com/}
                                               \AsIs{>. In particular, it co...
! \textfont 0 is undefined (character a).
\Url@FormatString ...\Url@String \UrlRight \m@th $
                                                  
l.24 <}\url{https://fantasy.premierleague.com/}
                                               \AsIs{>. In particular, it co...
! \textfont 0 is undefined (character s).
\Url@FormatString ...\Url@String \UrlRight \m@th $
                                                  
l.24 <}\url{https://fantasy.premierleague.com/}
                                               \AsIs{>. In particular, it co...
! \textfont 0 is undefined (character y).
\Url@FormatString ...\Url@String \UrlRight \m@th $
                                                  
l.24 <}\url{https://fantasy.premierleague.com/}
                                               \AsIs{>. In particular, it co...
! \textfont 0 is undefined (character .).
\Url@FormatString ...\Url@String \UrlRight \m@th $
                                                  
l.24 <}\url{https://fantasy.premierleague.com/}
                                               \AsIs{>. In particular, it co...
! \textfont 0 is undefined (character p).
\Url@FormatString ...\Url@String \UrlRight \m@th $
                                                  
l.24 <}\url{https://fantasy.premierleague.com/}
                                               \AsIs{>. In particular, it co...
! \textfont 0 is undefined (character r).
\Url@FormatString ...\Url@String \UrlRight \m@th $
                                                  
l.24 <}\url{https://fantasy.premierleague.com/}
                                               \AsIs{>. In particular, it co...
! \textfont 0 is undefined (character e).
\Url@FormatString ...\Url@String \UrlRight \m@th $
                                                  
l.24 <}\url{https://fantasy.premierleague.com/}
                                               \AsIs{>. In particular, it co...
! \textfont 0 is undefined (character m).
\Url@FormatString ...\Url@String \UrlRight \m@th $
                                                  
l.24 <}\url{https://fantasy.premierleague.com/}
                                               \AsIs{>. In particular, it co...
! \textfont 0 is undefined (character i).
\Url@FormatString ...\Url@String \UrlRight \m@th $
                                                  
l.24 <}\url{https://fantasy.premierleague.com/}
                                               \AsIs{>. In particular, it co...
! \textfont 0 is undefined (character e).
\Url@FormatString ...\Url@String \UrlRight \m@th $
                                                  
l.24 <}\url{https://fantasy.premierleague.com/}
                                               \AsIs{>. In particular, it co...
! \textfont 0 is undefined (character r).
\Url@FormatString ...\Url@String \UrlRight \m@th $
                                                  
l.24 <}\url{https://fantasy.premierleague.com/}
                                               \AsIs{>. In particular, it co...
! \textfont 0 is undefined (character l).
\Url@FormatString ...\Url@String \UrlRight \m@th $
                                                  
l.24 <}\url{https://fantasy.premierleague.com/}
                                               \AsIs{>. In particular, it co...
! \textfont 0 is undefined (character e).
\Url@FormatString ...\Url@String \UrlRight \m@th $
                                                  
l.24 <}\url{https://fantasy.premierleague.com/}
                                               \AsIs{>. In particular, it co...
! \textfont 0 is undefined (character a).
\Url@FormatString ...\Url@String \UrlRight \m@th $
                                                  
l.24 <}\url{https://fantasy.premierleague.com/}
                                               \AsIs{>. In particular, it co...
! \textfont 0 is undefined (character g).
\Url@FormatString ...\Url@String \UrlRight \m@th $
                                                  
l.24 <}\url{https://fantasy.premierleague.com/}
                                               \AsIs{>. In particular, it co...
! \textfont 0 is undefined (character u).
\Url@FormatString ...\Url@String \UrlRight \m@th $
                                                  
l.24 <}\url{https://fantasy.premierleague.com/}
                                               \AsIs{>. In particular, it co...
! \textfont 0 is undefined (character e).
\Url@FormatString ...\Url@String \UrlRight \m@th $
                                                  
l.24 <}\url{https://fantasy.premierleague.com/}
                                               \AsIs{>. In particular, it co...
! \textfont 0 is undefined (character .).
\Url@FormatString ...\Url@String \UrlRight \m@th $
                                                  
l.24 <}\url{https://fantasy.premierleague.com/}
                                               \AsIs{>. In particular, it co...
! \textfont 0 is undefined (character c).
\Url@FormatString ...\Url@String \UrlRight \m@th $
                                                  
l.24 <}\url{https://fantasy.premierleague.com/}
                                               \AsIs{>. In particular, it co...
! \textfont 0 is undefined (character o).
\Url@FormatString ...\Url@String \UrlRight \m@th $
                                                  
l.24 <}\url{https://fantasy.premierleague.com/}
                                               \AsIs{>. In particular, it co...
! \textfont 0 is undefined (character m).
\Url@FormatString ...\Url@String \UrlRight \m@th $
                                                  
l.24 <}\url{https://fantasy.premierleague.com/}
                                               \AsIs{>. In particular, it co...
! \textfont 0 is undefined (character /).
\Url@FormatString ...\Url@String \UrlRight \m@th $
                                                  
l.24 <}\url{https://fantasy.premierleague.com/}
                                               \AsIs{>. In particular, it co...
(c:/Users/andrew.little/AppData/Roaming/TinyTeX/texmf-dist/tex/latex/psnfss/t1phv.fd)
No file Rd2.toc.
Missing character: There is no F in font nullfont!
Missing character: There is no P in font nullfont!
Missing character: There is no L in font nullfont!
Missing character: There is no d in font nullfont!
Missing character: There is no a in font nullfont!
Missing character: There is no t in font nullfont!
Missing character: There is no a in font nullfont!
Missing character: There is no F in font nullfont!
Missing character: There is no P in font nullfont!
Missing character: There is no L in font nullfont!
Missing character: There is no d in font nullfont!
Missing character: There is no a in font nullfont!
Missing character: There is no t in font nullfont!
Missing character: There is no a in font nullfont!
Missing character: There is no F in font nullfont!
Missing character: There is no P in font nullfont!
Missing character: There is no L in font nullfont!
Missing character: There is no d in font nullfont!
Missing character: There is no a in font nullfont!
Missing character: There is no t in font nullfont!
Missing character: There is no a in font nullfont!
Missing character: There is no ( in font nullfont!
Missing character: There is no ) in font nullfont!
[1{c:/Users/andrew.little/AppData/Roaming/TinyTeX/texmf-var/fonts/map/pdftex/updmap/pdftex.map}]name = pcrr8t, rootname = pcrr8t, pointsize = 
mktexmf: empty or non-existent rootfile!

kpathsea: Running mktexmf pcrr8t.mf

The command name is C:\Users\andrew.little\AppData\Roaming\TinyTeX\bin\win32\mktexmf
Cannot find pcrr8t.mf.

Missing character: There is no n in font nullfont!
Missing character: There is no e in font nullfont!
Missing character: There is no x in font nullfont!
Missing character: There is no t in font nullfont!
Missing character: There is no _ in font nullfont!
Missing character: There is no g in font nullfont!
Missing character: There is no w in font nullfont!
Missing character: There is no _ in font nullfont!
Missing character: There is no p in font nullfont!
Missing character: There is no o in font nullfont!
Missing character: There is no i in font nullfont!
Missing character: There is no n in font nullfont!
Missing character: There is no t in font nullfont!
Missing character: There is no s in font nullfont!
! Font T1/pcr/m/n/9=pcrr8t at 9.0pt not loadable: Metric (TFM) file not found.
<to be read again> 
                   relax 
l.79 \begin{ExampleCode}
                        
Missing character: There is no { in font nullfont!
Missing character: There is no l in font nullfont!
Missing character: There is no i in font nullfont!
Missing character: There is no b in font nullfont!
Missing character: There is no r in font nullfont!
Missing character: There is no a in font nullfont!
Missing character: There is no r in font nullfont!
Missing character: There is no y in font nullfont!
Missing character: There is no ( in font nullfont!
Missing character: There is no d in font nullfont!
Missing character: There is no p in font nullfont!
Missing character: There is no l in font nullfont!
Missing character: There is no y in font nullfont!
Missing character: There is no r in font nullfont!
Missing character: There is no ) in font nullfont!
Missing character: There is no f in font nullfont!
Missing character: There is no p in font nullfont!
Missing character: There is no l in font nullfont!
Missing character: There is no _ in font nullfont!
Missing character: There is no d in font nullfont!
Missing character: There is no a in font nullfont!
Missing character: There is no t in font nullfont!
Missing character: There is no a in font nullfont!
Missing character: There is no < in font nullfont!
Missing character: There is no - in font nullfont!
Missing character: There is no F in font nullfont!
Missing character: There is no P in font nullfont!
Missing character: There is no L in font nullfont!
Missing character: There is no d in font nullfont!
Missing character: There is no a in font nullfont!
Missing character: There is no t in font nullfont!
Missing character: There is no a in font nullfont!
Missing character: There is no ( in font nullfont!
Missing character: There is no ) in font nullfont!
Missing character: There is no h in font nullfont!
Missing character: There is no e in font nullfont!
Missing character: There is no a in font nullfont!
Missing character: There is no d in font nullfont!
Missing character: There is no ( in font nullfont!
Missing character: There is no f in font nullfont!
Missing character: There is no p in font nullfont!
Missing character: There is no l in font nullfont!
Missing character: There is no _ in font nullfont!
Missing character: There is no d in font nullfont!
Missing character: There is no a in font nullfont!
Missing character: There is no t in font nullfont!
Missing character: There is no a in font nullfont!
Missing character: There is no ) in font nullfont!
Missing character: There is no f in font nullfont!
Missing character: There is no p in font nullfont!
Missing character: There is no l in font nullfont!
Missing character: There is no _ in font nullfont!
Missing character: There is no d in font nullfont!
Missing character: There is no a in font nullfont!
Missing character: There is no t in font nullfont!
Missing character: There is no a in font nullfont!
Missing character: There is no % in font nullfont!
Missing character: There is no > in font nullfont!
Missing character: There is no % in font nullfont!
Missing character: There is no g in font nullfont!
Missing character: There is no r in font nullfont!
Missing character: There is no o in font nullfont!
Missing character: There is no u in font nullfont!
Missing character: There is no p in font nullfont!
Missing character: There is no _ in font nullfont!
Missing character: There is no b in font nullfont!
Missing character: There is no y in font nullfont!
Missing character: There is no ( in font nullfont!
Missing character: There is no w in font nullfont!
Missing character: There is no e in font nullfont!
Missing character: There is no b in font nullfont!
Missing character: There is no _ in font nullfont!
Missing character: There is no n in font nullfont!
Missing character: There is no a in font nullfont!
Missing character: There is no m in font nullfont!
Missing character: There is no e in font nullfont!
Missing character: There is no ) in font nullfont!
Missing character: There is no % in font nullfont!
Missing character: There is no > in font nullfont!
Missing character: There is no % in font nullfont!
Missing character: There is no s in font nullfont!
Missing character: There is no u in font nullfont!
Missing character: There is no m in font nullfont!
Missing character: There is no m in font nullfont!
Missing character: There is no a in font nullfont!
Missing character: There is no r in font nullfont!
Missing character: There is no i in font nullfont!
Missing character: There is no s in font nullfont!
Missing character: There is no e in font nullfont!
Missing character: There is no ( in font nullfont!
Missing character: There is no " in font nullfont!
Missing character: There is no m in font nullfont!
Missing character: There is no e in font nullfont!
Missing character: There is no a in font nullfont!
Missing character: There is no n in font nullfont!
Missing character: There is no _ in font nullfont!
Missing character: There is no n in font nullfont!
Missing character: There is no e in font nullfont!
Missing character: There is no x in font nullfont!
Missing character: There is no t in font nullfont!
Missing character: There is no _ in font nullfont!
Missing character: There is no g in font nullfont!
Missing character: There is no w in font nullfont!
Missing character: There is no _ in font nullfont!
Missing character: There is no p in font nullfont!
Missing character: There is no o in font nullfont!
Missing character: There is no i in font nullfont!
Missing character: There is no n in font nullfont!
Missing character: There is no t in font nullfont!
Missing character: There is no s in font nullfont!
Missing character: There is no " in font nullfont!
Missing character: There is no = in font nullfont!
Missing character: There is no m in font nullfont!
Missing character: There is no e in font nullfont!
Missing character: There is no a in font nullfont!
Missing character: There is no n in font nullfont!
Missing character: There is no ( in font nullfont!
Missing character: There is no n in font nullfont!
Missing character: There is no e in font nullfont!
Missing character: There is no x in font nullfont!
Missing character: There is no t in font nullfont!
Missing character: There is no _ in font nullfont!
Missing character: There is no g in font nullfont!
Missing character: There is no w in font nullfont!
Missing character: There is no _ in font nullfont!
Missing character: There is no p in font nullfont!
Missing character: There is no o in font nullfont!
Missing character: There is no i in font nullfont!
Missing character: There is no n in font nullfont!
Missing character: There is no t in font nullfont!
Missing character: There is no s in font nullfont!
Missing character: There is no , in font nullfont!
Missing character: There is no n in font nullfont!
Missing character: There is no a in font nullfont!
Missing character: There is no . in font nullfont!
Missing character: There is no r in font nullfont!
Missing character: There is no m in font nullfont!
Missing character: There is no = in font nullfont!
Missing character: There is no T in font nullfont!
Missing character: There is no R in font nullfont!
Missing character: There is no U in font nullfont!
Missing character: There is no E in font nullfont!
Missing character: There is no ) in font nullfont!
Missing character: There is no ) in font nullfont!
Missing character: There is no % in font nullfont!
Missing character: There is no > in font nullfont!
Missing character: There is no % in font nullfont!
Missing character: There is no a in font nullfont!
Missing character: There is no r in font nullfont!
Missing character: There is no r in font nullfont!
Missing character: There is no a in font nullfont!
Missing character: There is no n in font nullfont!
Missing character: There is no g in font nullfont!
Missing character: There is no e in font nullfont!
Missing character: There is no ( in font nullfont!
Missing character: There is no - in font nullfont!
Missing character: There is no m in font nullfont!
Missing character: There is no e in font nullfont!
Missing character: There is no a in font nullfont!
Missing character: There is no n in font nullfont!
Missing character: There is no _ in font nullfont!
Missing character: There is no n in font nullfont!
Missing character: There is no e in font nullfont!
Missing character: There is no x in font nullfont!
Missing character: There is no t in font nullfont!
Missing character: There is no _ in font nullfont!
Missing character: There is no g in font nullfont!
Missing character: There is no w in font nullfont!
Missing character: There is no _ in font nullfont!
Missing character: There is no p in font nullfont!
Missing character: There is no o in font nullfont!
Missing character: There is no i in font nullfont!
Missing character: There is no n in font nullfont!
Missing character: There is no t in font nullfont!
Missing character: There is no s in font nullfont!
Missing character: There is no ) in font nullfont!
Missing character: There is no } in font nullfont!
[2] (./Rd2.aux) )
(see the transcript file for additional information){c:/Users/andrew.little/AppData/Roaming/TinyTeX/texmf-dist/fonts/enc/dvips/base/8r.enc} <c:/Users/andrew.little/AppData/Roaming/TinyTeX/texmf-var/fonts/pk/ljfour/jknappen/ec/tcrm1000.600pk><c:/Users/andrew.little/AppData/Roaming/TinyTeX/texmf-dist/fonts/type1/urw/helvetic/uhvr8a.pfb><c:/Users/andrew.little/AppData/Roaming/TinyTeX/texmf-dist/fonts/type1/urw/times/utmb8a.pfb><c:/Users/andrew.little/AppData/Roaming/TinyTeX/texmf-dist/fonts/type1/urw/times/utmr8a.pfb><c:/Users/andrew.little/AppData/Roaming/TinyTeX/texmf-dist/fonts/type1/urw/times/utmr8a.pfb><c:/Users/andrew.little/AppData/Roaming/TinyTeX/texmf-dist/fonts/type1/urw/times/utmri8a.pfb>
Output written on Rd2.pdf (2 pages, 54194 bytes).
Transcript written on Rd2.log.

kpathsea: Running mktextfm pcrr8t

The command name is C:\Users\andrew.little\AppData\Roaming\TinyTeX\bin\win32\mktextfm
kpathsea: Appending font creation commands to missfont.log.

kpathsea: Running mktextfm pcrr8t

The command name is C:\Users\andrew.little\AppData\Roaming\TinyTeX\bin\win32\mktextfm
Error in texi2dvi(file = file, pdf = TRUE, clean = clean, quiet = quiet,  : 
  unable to run pdflatex on 'Rd2.tex'
LaTeX errors:
! Font T1/pcr/m/n/10=pcrr8t at 10.0pt not loadable: Metric (TFM) file not found.
<to be read again> 
                   relax 
l.21 ...tle }\email{andrewlittlebristol@gmail.com}
                                                  \AsIs{}
! \textfont 0 is undefined (character h).
\Url@FormatString ...\Url@String \UrlRight \m@th $
                                                  
l.24 <}\url{https://fantasy.premierleague.com/}
                                               \AsIs{>. In particular, it co...
! \textfont 0 is undefined (character t).
\Url@FormatString ...\Url@String \UrlRight \m@th $
                                                  
l.24 <}\url{https://fantasy.premierleague.com/}
                                               \AsIs{>. In particular, it co...
! \textfont 0 is undefined (character t).
\Url@FormatString ...\Url@String \UrlRight \m@th $
                                                  
l.24 <}\url{https://fantasy.premierleague.com/}
                                               \AsIs{>. In particular, it co...
! \textfont 0 is undefined (character p).
\Url@FormatString ...\Url@String \UrlRight \m@th $
                                                  
l.24 <}\url{https://fantasy.premierleague.com/}
                                               \AsIs{>. In particular, it co...
! \textfont 0 is undefined (character s).
\Url@FormatString ...\Url@String \UrlRight \m@th $
                                                  
l.24 <}\url{https://fantasy.premierleague.com/}
                                               \AsIs{>. In particular, it co...
! \textfont 0 is undefined (character :).
\Url@FormatString ...\Url@String \UrlRight \m@th $
                                                  
l.24 <}\url{https://fantasy.premierleague.com/}
                                               \AsIs{>. In particular, it co...
! \textfont 0 is undefined (character /).
\Url@FormatString ...\Url@String \UrlRight \m@th $
                                                  
l.24 <}\url{https://fantasy.premierleague.com/}
                                               \AsIs{>. In particular, it co...
! \textfont 0 is undefined (character /).
\Url@FormatString ...\Url@String \UrlRight \m@th $
                                                  
l.24 <}\url{https://fantasy.premierleague.com/}
                                               \AsIs{>. In particular, it co...
! \textfont 0 is undefined (character f).
\Url@FormatString ...\Url@String \UrlRight \m@th $
                                                  
l.24 <}\url{https://fantasy.premierleague.com/}
                                               \AsIs{>. In particular, it co...
! \textfont 0 is undefined (character a).
\Url@FormatString ...\Url@String \UrlRight \m@th $
                                                  
l.24 <}\url{https://fantasy.premierleague.com/}
                                               \AsIs{>. In particular, it co...
! \textfont 0 is undefined (character n).
\Url@FormatString ...\Url@String \UrlRight \m@th $
                                                  
l.24 <}\url{https://fantasy.premierleague.com/}
                                               \AsIs{>. In particular, it co...
! \textfont 0 is undefined (character t).
\Url@FormatString ...\Url@String \UrlRight \m@th $
                                                  
l.24 <}\url{https://fantasy.premierleague.com/}
                                               \AsIs{>. In particular, it co...
! \textfont 0 is undefined (character a).
\Url@FormatString ...\Url@String \UrlRight \m@th $
                                                  
l.24 <}\url{https://fantasy.premierleague.com/}
                                               \AsIs{>. In particular, it co...
! \textfont 0 is undefined (character s).
\Url@FormatString ...\Url@String \UrlRight \m@th $
                                                  
l.24 <}\url{https://fantasy.premierleague.com/}
                                               \AsIs{>. In particular, it co...
! \textfont 0 is undefined (character y).
\Url@FormatString ...\Url@String \UrlRight \m@th $
                                                  
l.24 <}\url{https://fantasy.premierleague.com/}
                                               \AsIs{>. In particular, it co...
! \textfont 0 is undefined (character .).
\Url@FormatString ...\Url@String \UrlRight \m@th $
                                                  
l.24 <}\url{https://fantasy.premierleague.com/}
                                               \AsIs{>. In particular, it co...
! \textfont 0 is undefined (character p).
\Url@FormatString ...\Url@String \UrlRight \m@th $
                                                  
l.24 <}\url{https://fantasy.premierleague.com/}
                                               \AsIs{>. In particular, it co...
! \textfont 0 is undefined (character r).
\Url@FormatString ...\Url@String \UrlRight \m@th $
                                                  
l.24 <}\url{https://fantasy.premierleague.com/}
                                               \AsIs{>. In particular, it co...
! \textfont 0 is undefined (character e).
\Url@FormatString ...\Url@String \UrlRight \m@th $
                                                  
l.24 <}\url{https://fantasy.premierleague.com/}
                                               \AsIs{>. In particular, it co...
! \textfont 0 is undefined (character m).
\Url@FormatString ...\Url@String \UrlRight \m@th $
                                                  
l.24 <}\url{https://fantasy.premierleague.com/}
                                               \AsIs{>. In particular, it co...
! \textfont 0 is undefined (character i).
\Url@FormatString ...\Url@String \UrlRight \m@th $
                                                  
l.24 <}\url{https://fantasy.premierleague.com/}
                                               \AsIs{>. In particular, it co...
! \textfont 0 is undefined (character e).
\Url@FormatString ...\Url@String \UrlRight \m@th $
                                                  
l.24 <}\url{https://fantasy.premierleague.com/}
                                               \AsIs{>. In particular, it co...
! \textfont 0 is undefined (character r).
\Url@FormatString ...\Url@String \UrlRight \m@th $
                                                  
l.24 <}\url{https://fantasy.premierleague.com/}
                                               \AsIs{>. In particular, it co...
! \textfont 0 is undefined (character l).
\Url@FormatString ...\Url@String \UrlRight \m@th $
                                                  
l.24 <}\url{https://fantasy.premierleague.com/}
                                               \AsIs{>. In particular, it co...
! \textfont 0 is undefined (character e).
\Url@FormatString ...\Url@String \UrlRight \m@th $
                                                  
l.24 <}\url{https://fantasy.premierleague.com/}
                                               \AsIs{>. In particular, it co...
! \textfont 0 is undefined (character a).
\Url@FormatString ...\Url@String \UrlRight \m@th $
                                                  
l.24 <}\url{https://fantasy.premierleague.com/}
                                               \AsIs{>. In particular, it co...
! \textfont 0 is undefined (character g).
\Url@FormatString ...\Url@String \UrlRight \m@th $
                                                  
l.24 <}\url{https://fantasy.premierleague.com/}
                                               \AsIs{>. In particular, it co...
! \textfont 0 is undefined (character u).
\Url@FormatString ...\Url@String \UrlRight \m@th $
                                                  
l.24 <}\url{https://fantasy.premierleague.com/}
                                               \AsIs{>. In particular, it co...
! \textfont 0 is undefined (character e).
\Url@FormatString ...\Url@String \UrlRight \m@th $
                                                  
l.24 <}\url{https://fantasy.premierleague.com/}
                                               \AsIs{>. In particular, it co...
! \textfont 0 is
This is pdfTeX, Version 3.141592653-2.6-1.40.23 (TeX Live 2021/W32TeX) (preloaded format=pdflatex)
 restricted \write18 enabled.
entering extended mode
(./Rd2.tex
LaTeX2e <2021-11-15>
L3 programming layer <2021-11-12>
(c:/Users/andrew.little/AppData/Roaming/TinyTeX/texmf-dist/tex/latex/base/book.cls
Document Class: book 2021/10/04 v1.4n Standard LaTeX document class
(c:/Users/andrew.little/AppData/Roaming/TinyTeX/texmf-dist/tex/latex/base/bk10.clo)) (c:/Program Files/R/R-4.1.2/share/texmf/tex/latex/Rd.sty (c:/Users/andrew.little/AppData/Roaming/TinyTeX/texmf-dist/tex/latex/base/ifthen.sty) (c:/Users/andrew.little/AppData/Roaming/TinyTeX/texmf-dist/tex/latex/tools/longtable.sty) (c:/Users/andrew.little/AppData/Roaming/TinyTeX/texmf-dist/tex/latex/tools/bm.sty) (c:/Users/andrew.little/AppData/Roaming/TinyTeX/texmf-dist/tex/latex/base/alltt.sty) (c:/Users/andrew.little/AppData/Roaming/TinyTeX/texmf-dist/tex/latex/tools/verbatim.sty) (c:/Users/andrew.little/AppData/Roaming/TinyTeX/texmf-dist/tex/latex/url/url.sty) (c:/Users/andrew.little/AppData/Roaming/TinyTeX/texmf-dist/tex/latex/base/textcomp.sty) (c:/Users/andrew.little/AppData/Roaming/TinyTeX/texmf-dist/tex/latex/base/fontenc.sty) (c:/Users/andrew.little/AppData/Roaming/TinyTeX/texmf-dist/tex/latex/psnfss/times.sty)) (c:/Users/andrew.little/AppData/Roaming/TinyTeX/texmf-dist/tex/latex/base/inputenc.sty) (c:/Users/andrew.little/AppData/Roaming/TinyTeX/texmf-dist/tex/latex/psnfss/t1ptm.fd) (c:/Users/andrew.little/AppData/Roaming/TinyTeX/texmf-dist/tex/latex/l3backend/l3backend-pdftex.def) (./Rd2.aux) (c:/Users/andrew.little/AppData/Roaming/TinyTeX/texmf-dist/tex/latex/psnfss/ts1ptm.fd) (c:/Users/andrew.little/AppData/Roaming/TinyTeX/texmf-dist/tex/latex/psnfss/t1pcr.fd)name = pcrr8t, rootname = pcrr8t, pointsize = 
mktexmf: empty or non-existent rootfile!

kpathsea: Running mktexmf pcrr8t.mf

The command name is C:\Users\andrew.little\AppData\Roaming\TinyTeX\bin\win32\mktexmf
Cannot find pcrr8t.mf.

! Font T1/pcr/m/n/10=pcrr8t at 10.0pt not loadable: Metric (TFM) file not found.
<to be read again> 
                   relax 
l.21 ...tle }\email{andrewlittlebristol@gmail.com}
                                                  \AsIs{}
Missing character: There is no < in font nullfont!
Missing character: There is no a in font nullfont!
Missing character: There is no n in font nullfont!
Missing character: There is no d in font nullfont!
Missing character: There is no r in font nullfont!
Missing character: There is no e in font nullfont!
Missing character: There is no w in font nullfont!
Missing character: There is no l in font nullfont!
Missing character: There is no i in font nullfont!
Missing character: There is no t in font nullfont!
Missing character: There is no t in font nullfont!
Missing character: There is no l in font nullfont!
Missing character: There is no e in font nullfont!
Missing character: There is no b in font nullfont!
Missing character: There is no r in font nullfont!
Missing character: There is no i in font nullfont!
Missing character: There is no s in font nullfont!
Missing character: There is no t in font nullfont!
Missing character: There is no o in font nullfont!
Missing character: There is no l in font nullfont!
Missing character: There is no @ in font nullfont!
Missing character: There is no g in font nullfont!
Missing character: There is no m in font nullfont!
Missing character: There is no a in font nullfont!
Missing character: There is no i in font nullfont!
Missing character: There is no l in font nullfont!
Missing character: There is no . in font nullfont!
Missing character: There is no c in font nullfont!
Missing character: There is no o in font nullfont!
Missing character: There is no m in font nullfont!
Missing character: There is no > in font nullfont!
! \textfont 0 is undefined (character h).
\Url@FormatString ...\Url@String \UrlRight \m@th $
                                                  
l.24 <}\url{https://fantasy.premierleague.com/}
                                               \AsIs{>. In particular, it co...
! \textfont 0 is undefined (character t).
\Url@FormatString ...\Url@String \UrlRight \m@th $
                                                  
l.24 <}\url{https://fantasy.premierleague.com/}
                                               \AsIs{>. In particular, it co...
! \textfont 0 is undefined (character t).
\Url@FormatString ...\Url@String \UrlRight \m@th $
                                                  
l.24 <}\url{https://fantasy.premierleague.com/}
                                               \AsIs{>. In particular, it co...
! \textfont 0 is undefined (character p).
\Url@FormatString ...\Url@String \UrlRight \m@th $
                                                  
l.24 <}\url{https://fantasy.premierleague.com/}
                                               \AsIs{>. In particular, it co...
! \textfont 0 is undefined (character s).
\Url@FormatString ...\Url@String \UrlRight \m@th $
                                                  
l.24 <}\url{https://fantasy.premierleague.com/}
                                               \AsIs{>. In particular, it co...
! \textfont 0 is undefined (character :).
\Url@FormatString ...\Url@String \UrlRight \m@th $
                                                  
l.24 <}\url{https://fantasy.premierleague.com/}
                                               \AsIs{>. In particular, it co...
! \textfont 0 is undefined (character /).
\Url@FormatString ...\Url@String \UrlRight \m@th $
                                                  
l.24 <}\url{https://fantasy.premierleague.com/}
                                               \AsIs{>. In particular, it co...
! \textfont 0 is undefined (character /).
\Url@FormatString ...\Url@String \UrlRight \m@th $
                                                  
l.24 <}\url{https://fantasy.premierleague.com/}
                                               \AsIs{>. In particular, it co...
! \textfont 0 is undefined (character f).
\Url@FormatString ...\Url@String \UrlRight \m@th $
                                                  
l.24 <}\url{https://fantasy.premierleague.com/}
                                               \AsIs{>. In particular, it co...
! \textfont 0 is undefined (character a).
\Url@FormatString ...\Url@String \UrlRight \m@th $
                                                  
l.24 <}\url{https://fantasy.premierleague.com/}
                                               \AsIs{>. In particular, it co...
! \textfont 0 is undefined (character n).
\Url@FormatString ...\Url@String \UrlRight \m@th $
                                                  
l.24 <}\url{https://fantasy.premierleague.com/}
                                               \AsIs{>. In particular, it co...
! \textfont 0 is undefined (character t).
\Url@FormatString ...\Url@String \UrlRight \m@th $
                                                  
l.24 <}\url{https://fantasy.premierleague.com/}
                                               \AsIs{>. In particular, it co...
! \textfont 0 is undefined (character a).
\Url@FormatString ...\Url@String \UrlRight \m@th $
                                                  
l.24 <}\url{https://fantasy.premierleague.com/}
                                               \AsIs{>. In particular, it co...
! \textfont 0 is undefined (character s).
\Url@FormatString ...\Url@String \UrlRight \m@th $
                                                  
l.24 <}\url{https://fantasy.premierleague.com/}
                                               \AsIs{>. In particular, it co...
! \textfont 0 is undefined (character y).
\Url@FormatString ...\Url@String \UrlRight \m@th $
                                                  
l.24 <}\url{https://fantasy.premierleague.com/}
                                               \AsIs{>. In particular, it co...
! \textfont 0 is undefined (character .).
\Url@FormatString ...\Url@String \UrlRight \m@th $
                                                  
l.24 <}\url{https://fantasy.premierleague.com/}
                                               \AsIs{>. In particular, it co...
! \textfont 0 is undefined (character p).
\Url@FormatString ...\Url@String \UrlRight \m@th $
                                                  
l.24 <}\url{https://fantasy.premierleague.com/}
                                               \AsIs{>. In particular, it co...
! \textfont 0 is undefined (character r).
\Url@FormatString ...\Url@String \UrlRight \m@th $
                                                  
l.24 <}\url{https://fantasy.premierleague.com/}
                                               \AsIs{>. In particular, it co...
! \textfont 0 is undefined (character e).
\Url@FormatString ...\Url@String \UrlRight \m@th $
                                                  
l.24 <}\url{https://fantasy.premierleague.com/}
                                               \AsIs{>. In particular, it co...
! \textfont 0 is undefined (character m).
\Url@FormatString ...\Url@String \UrlRight \m@th $
                                                  
l.24 <}\url{https://fantasy.premierleague.com/}
                                               \AsIs{>. In particular, it co...
! \textfont 0 is undefined (character i).
\Url@FormatString ...\Url@String \UrlRight \m@th $
                                                  
l.24 <}\url{https://fantasy.premierleague.com/}
                                               \AsIs{>. In particular, it co...
! \textfont 0 is undefined (character e).
\Url@FormatString ...\Url@String \UrlRight \m@th $
                                                  
l.24 <}\url{https://fantasy.premierleague.com/}
                                               \AsIs{>. In particular, it co...
! \textfont 0 is undefined (character r).
\Url@FormatString ...\Url@String \UrlRight \m@th $
                                                  
l.24 <}\url{https://fantasy.premierleague.com/}
                                               \AsIs{>. In particular, it co...
! \textfont 0 is undefined (character l).
\Url@FormatString ...\Url@String \UrlRight \m@th $
                                                  
l.24 <}\url{https://fantasy.premierleague.com/}
                                               \AsIs{>. In particular, it co...
! \textfont 0 is undefined (character e).
\Url@FormatString ...\Url@String \UrlRight \m@th $
                                                  
l.24 <}\url{https://fantasy.premierleague.com/}
                                               \AsIs{>. In particular, it co...
! \textfont 0 is undefined (character a).
\Url@FormatString ...\Url@String \UrlRight \m@th $
                                                  
l.24 <}\url{https://fantasy.premierleague.com/}
                                               \AsIs{>. In particular, it co...
! \textfont 0 is undefined (character g).
\Url@FormatString ...\Url@String \UrlRight \m@th $
                                                  
l.24 <}\url{https://fantasy.premierleague.com/}
                                               \AsIs{>. In particular, it co...
! \textfont 0 is undefined (character u).
\Url@FormatString ...\Url@String \UrlRight \m@th $
                                                  
l.24 <}\url{https://fantasy.premierleague.com/}
                                               \AsIs{>. In particular, it co...
! \textfont 0 is undefined (character e).
\Url@FormatString ...\Url@String \UrlRight \m@th $
                                                  
l.24 <}\url{https://fantasy.premierleague.com/}
                                               \AsIs{>. In particular, it co...
! \textfont 0 is undefined (character .).
\Url@FormatString ...\Url@String \UrlRight \m@th $
                                                  
l.24 <}\url{https://fantasy.premierleague.com/}
                                               \AsIs{>. In particular, it co...
! \textfont 0 is undefined (character c).
\Url@FormatString ...\Url@String \UrlRight \m@th $
                                                  
l.24 <}\url{https://fantasy.premierleague.com/}
                                               \AsIs{>. In particular, it co...
! \textfont 0 is undefined (character o).
\Url@FormatString ...\Url@String \UrlRight \m@th $
                                                  
l.24 <}\url{https://fantasy.premierleague.com/}
                                               \AsIs{>. In particular, it co...
! \textfont 0 is undefined (character m).
\Url@FormatString ...\Url@String \UrlRight \m@th $
                                                  
l.24 <}\url{https://fantasy.premierleague.com/}
                                               \AsIs{>. In particular, it co...
! \textfont 0 is undefined (character /).
\Url@FormatString ...\Url@String \UrlRight \m@th $
                                                  
l.24 <}\url{https://fantasy.premierleague.com/}
                                               \AsIs{>. In particular, it co...
(c:/Users/andrew.little/AppData/Roaming/TinyTeX/texmf-dist/tex/latex/psnfss/t1phv.fd) (./Rd2.toc)
Missing character: There is no F in font nullfont!
Missing character: There is no P in font nullfont!
Missing character: There is no L in font nullfont!
Missing character: There is no d in font nullfont!
Missing character: There is no a in font nullfont!
Missing character: There is no t in font nullfont!
Missing character: There is no a in font nullfont!
Missing character: There is no F in font nullfont!
Missing character: There is no P in font nullfont!
Missing character: There is no L in font nullfont!
Missing character: There is no d in font nullfont!
Missing character: There is no a in font nullfont!
Missing character: There is no t in font nullfont!
Missing character: There is no a in font nullfont!
Missing character: There is no F in font nullfont!
Missing character: There is no P in font nullfont!
Missing character: There is no L in font nullfont!
Missing character: There is no d in font nullfont!
Missing character: There is no a in font nullfont!
Missing character: There is no t in font nullfont!
Missing character: There is no a in font nullfont!
Missing character: There is no ( in font nullfont!
Missing character: There is no ) in font nullfont!
[1{c:/Users/andrew.little/AppData/Roaming/TinyTeX/texmf-var/fonts/map/pdftex/updmap/pdftex.map}]name = pcrr8t, rootname = pcrr8t, pointsize = 
mktexmf: empty or non-existent rootfile!

kpathsea: Running mktexmf pcrr8t.mf

The command name is C:\Users\andrew.little\AppData\Roaming\TinyTeX\bin\win32\mktexmf
Cannot find pcrr8t.mf.

Missing character: There is no n in font nullfont!
Missing character: There is no e in font nullfont!
Missing character: There is no x in font nullfont!
Missing character: There is no t in font nullfont!
Missing character: There is no _ in font nullfont!
Missing character: There is no g in font nullfont!
Missing character: There is no w in font nullfont!
Missing character: There is no _ in font nullfont!
Missing character: There is no p in font nullfont!
Missing character: There is no o in font nullfont!
Missing character: There is no i in font nullfont!
Missing character: There is no n in font nullfont!
Missing character: There is no t in font nullfont!
Missing character: There is no s in font nullfont!
! Font T1/pcr/m/n/9=pcrr8t at 9.0pt not loadable: Metric (TFM) file not found.
<to be read again> 
                   relax 
l.79 \begin{ExampleCode}
                        
Missing character: There is no { in font nullfont!
Missing character: There is no l in font nullfont!
Missing character: There is no i in font nullfont!
Missing character: There is no b in font nullfont!
Missing character: There is no r in font nullfont!
Missing character: There is no a in font nullfont!
Missing character: There is no r in font nullfont!
Missing character: There is no y in font nullfont!
Missing character: There is no ( in font nullfont!
Missing character: There is no d in font nullfont!
Missing character: There is no p in font nullfont!
Missing character: There is no l in font nullfont!
Missing character: There is no y in font nullfont!
Missing character: There is no r in font nullfont!
Missing character: There is no ) in font nullfont!
Missing character: There is no f in font nullfont!
Missing character: There is no p in font nullfont!
Missing character: There is no l in font nullfont!
Missing character: There is no _ in font nullfont!
Missing character: There is no d in font nullfont!
Missing character: There is no a in font nullfont!
Missing character: There is no t in font nullfont!
Missing character: There is no a in font nullfont!
Missing character: There is no < in font nullfont!
Missing character: There is no - in font nullfont!
Missing character: There is no F in font nullfont!
Missing character: There is no P in font nullfont!
Missing character: There is no L in font nullfont!
Missing character: There is no d in font nullfont!
Missing character: There is no a in font nullfont!
Missing character: There is no t in font nullfont!
Missing character: There is no a in font nullfont!
Missing character: There is no ( in font nullfont!
Missing character: There is no ) in font nullfont!
Missing character: There is no h in font nullfont!
Missing character: There is no e in font nullfont!
Missing character: There is no a in font nullfont!
Missing character: There is no d in font nullfont!
Missing character: There is no ( in font nullfont!
Missing character: There is no f in font nullfont!
Missing character: There is no p in font nullfont!
Missing character: There is no l in font nullfont!
Missing character: There is no _ in font nullfont!
Missing character: There is no d in font nullfont!
Missing character: There is no a in font nullfont!
Missing character: There is no t in font nullfont!
Missing character: There is no a in font nullfont!
Missing character: There is no ) in font nullfont!
Missing character: There is no f in font nullfont!
Missing character: There is no p in font nullfont!
Missing character: There is no l in font nullfont!
Missing character: There is no _ in font nullfont!
Missing character: There is no d in font nullfont!
Missing character: There is no a in font nullfont!
Missing character: There is no t in font nullfont!
Missing character: There is no a in font nullfont!
Missing character: There is no % in font nullfont!
Missing character: There is no > in font nullfont!
Missing character: There is no % in font nullfont!
Missing character: There is no g in font nullfont!
Missing character: There is no r in font nullfont!
Missing character: There is no o in font nullfont!
Missing character: There is no u in font nullfont!
Missing character: There is no p in font nullfont!
Missing character: There is no _ in font nullfont!
Missing character: There is no b in font nullfont!
Missing character: There is no y in font nullfont!
Missing character: There is no ( in font nullfont!
Missing character: There is no w in font nullfont!
Missing character: There is no e in font nullfont!
Missing character: There is no b in font nullfont!
Missing character: There is no _ in font nullfont!
Missing character: There is no n in font nullfont!
Missing character: There is no a in font nullfont!
Missing character: There is no m in font nullfont!
Missing character: There is no e in font nullfont!
Missing character: There is no ) in font nullfont!
Missing character: There is no % in font nullfont!
Missing character: There is no > in font nullfont!
Missing character: There is no % in font nullfont!
Missing character: There is no s in font nullfont!
Missing character: There is no u in font nullfont!
Missing character: There is no m in font nullfont!
Missing character: There is no m in font nullfont!
Missing character: There is no a in font nullfont!
Missing character: There is no r in font nullfont!
Missing character: There is no i in font nullfont!
Missing character: There is no s in font nullfont!
Missing character: There is no e in font nullfont!
Missing character: There is no ( in font nullfont!
Missing character: There is no " in font nullfont!
Missing character: There is no m in font nullfont!
Missing character: There is no e in font nullfont!
Missing character: There is no a in font nullfont!
Missing character: There is no n in font nullfont!
Missing character: There is no _ in font nullfont!
Missing character: There is no n in font nullfont!
Missing character: There is no e in font nullfont!
Missing character: There is no x in font nullfont!
Missing character: There is no t in font nullfont!
Missing character: There is no _ in font nullfont!
Missing character: There is no g in font nullfont!
Missing character: There is no w in font nullfont!
Missing character: There is no _ in font nullfont!
Missing character: There is no p in font nullfont!
Missing character: There is no o in font nullfont!
Missing character: There is no i in font nullfont!
Missing character: There is no n in font nullfont!
Missing character: There is no t in font nullfont!
Missing character: There is no s in font nullfont!
Missing character: There is no " in font nullfont!
Missing character: There is no = in font nullfont!
Missing character: There is no m in font nullfont!
Missing character: There is no e in font nullfont!
Missing character: There is no a in font nullfont!
Missing character: There is no n in font nullfont!
Missing character: There is no ( in font nullfont!
Missing character: There is no n in font nullfont!
Missing character: There is no e in font nullfont!
Missing character: There is no x in font nullfont!
Missing character: There is no t in font nullfont!
Missing character: There is no _ in font nullfont!
Missing character: There is no g in font nullfont!
Missing character: There is no w in font nullfont!
Missing character: There is no _ in font nullfont!
Missing character: There is no p in font nullfont!
Missing character: There is no o in font nullfont!
Missing character: There is no i in font nullfont!
Missing character: There is no n in font nullfont!
Missing character: There is no t in font nullfont!
Missing character: There is no s in font nullfont!
Missing character: There is no , in font nullfont!
Missing character: There is no n in font nullfont!
Missing character: There is no a in font nullfont!
Missing character: There is no . in font nullfont!
Missing character: There is no r in font nullfont!
Missing character: There is no m in font nullfont!
Missing character: There is no = in font nullfont!
Missing character: There is no T in font nullfont!
Missing character: There is no R in font nullfont!
Missing character: There is no U in font nullfont!
Missing character: There is no E in font nullfont!
Missing character: There is no ) in font nullfont!
Missing character: There is no ) in font nullfont!
Missing character: There is no % in font nullfont!
Missing character: There is no > in font nullfont!
Missing character: There is no % in font nullfont!
Missing character: There is no a in font nullfont!
Missing character: There is no r in font nullfont!
Missing character: There is no r in font nullfont!
Missing character: There is no a in font nullfont!
Missing character: There is no n in font nullfont!
Missing character: There is no g in font nullfont!
Missing character: There is no e in font nullfont!
Missing character: There is no ( in font nullfont!
Missing character: There is no - in font nullfont!
Missing character: There is no m in font nullfont!
Missing character: There is no e in font nullfont!
Missing character: There is no a in font nullfont!
Missing character: There is no n in font nullfont!
Missing character: There is no _ in font nullfont!
Missing character: There is no n in font nullfont!
Missing character: There is no e in font nullfont!
Missing character: There is no x in font nullfont!
Missing character: There is no t in font nullfont!
Missing character: There is no _ in font nullfont!
Missing character: There is no g in font nullfont!
Missing character: There is no w in font nullfont!
Missing character: There is no _ in font nullfont!
Missing character: There is no p in font nullfont!
Missing character: There is no o in font nullfont!
Missing character: There is no i in font nullfont!
Missing character: There is no n in font nullfont!
Missing character: There is no t in font nullfont!
Missing character: There is no s in font nullfont!
Missing character: There is no ) in font nullfont!
Missing character: There is no } in font nullfont!
[2] (./Rd2.aux) )
(see the transcript file for additional information){c:/Users/andrew.little/AppData/Roaming/TinyTeX/texmf-dist/fonts/enc/dvips/base/8r.enc} <c:/Users/andrew.little/AppData/Roaming/TinyTeX/texmf-var/fonts/pk/ljfour/jknappen/ec/tcrm1000.600pk><c:/Users/andrew.little/AppData/Roaming/TinyTeX/texmf-dist/fonts/type1/urw/helvetic/uhvr8a.pfb><c:/Users/andrew.little/AppData/Roaming/TinyTeX/texmf-dist/fonts/type1/urw/times/utmb8a.pfb><c:/Users/andrew.little/AppData/Roaming/TinyTeX/texmf-dist/fonts/type1/urw/times/utmr8a.pfb><c:/Users/andrew.little/AppData/Roaming/TinyTeX/texmf-dist/fonts/type1/urw/times/utmr8a.pfb><c:/Users/andrew.little/AppData/Roaming/TinyTeX/texmf-dist/fonts/type1/urw/times/utmri8a.pfb>
Output written on Rd2.pdf (2 pages, 54241 bytes).
Transcript written on Rd2.log.

kpathsea: Running mktextfm pcrr8t

The command name is C:\Users\andrew.little\AppData\Roaming\TinyTeX\bin\win32\mktextfm
kpathsea: Appending font creation commands to missfont.log.

kpathsea: Running mktextfm pcrr8t

The command name is C:\Users\andrew.little\AppData\Roaming\TinyTeX\bin\win32\mktextfm
Error in texi2dvi(file = file, pdf = TRUE, clean = clean, quiet = quiet,  : 
  unable to run pdflatex on 'Rd2.tex'
LaTeX errors:
! Font T1/pcr/m/n/10=pcrr8t at 10.0pt not loadable: Metric (TFM) file not found.
<to be read again> 
                   relax 
l.21 ...tle }\email{andrewlittlebristol@gmail.com}
                                                  \AsIs{}
! \textfont 0 is undefined (character h).
\Url@FormatString ...\Url@String \UrlRight \m@th $
                                                  
l.24 <}\url{https://fantasy.premierleague.com/}
                                               \AsIs{>. In particular, it co...
! \textfont 0 is undefined (character t).
\Url@FormatString ...\Url@String \UrlRight \m@th $
                                                  
l.24 <}\url{https://fantasy.premierleague.com/}
                                               \AsIs{>. In particular, it co...
! \textfont 0 is undefined (character t).
\Url@FormatString ...\Url@String \UrlRight \m@th $
                                                  
l.24 <}\url{https://fantasy.premierleague.com/}
                                               \AsIs{>. In particular, it co...
! \textfont 0 is undefined (character p).
\Url@FormatString ...\Url@String \UrlRight \m@th $
                                                  
l.24 <}\url{https://fantasy.premierleague.com/}
                                               \AsIs{>. In particular, it co...
! \textfont 0 is undefined (character s).
\Url@FormatString ...\Url@String \UrlRight \m@th $
                                                  
l.24 <}\url{https://fantasy.premierleague.com/}
                                               \AsIs{>. In particular, it co...
! \textfont 0 is undefined (character :).
\Url@FormatString ...\Url@String \UrlRight \m@th $
                                                  
l.24 <}\url{https://fantasy.premierleague.com/}
                                               \AsIs{>. In particular, it co...
! \textfont 0 is undefined (character /).
\Url@FormatString ...\Url@String \UrlRight \m@th $
                                                  
l.24 <}\url{https://fantasy.premierleague.com/}
                                               \AsIs{>. In particular, it co...
! \textfont 0 is undefined (character /).
\Url@FormatString ...\Url@String \UrlRight \m@th $
                                                  
l.24 <}\url{https://fantasy.premierleague.com/}
                                               \AsIs{>. In particular, it co...
! \textfont 0 is undefined (character f).
\Url@FormatString ...\Url@String \UrlRight \m@th $
                                                  
l.24 <}\url{https://fantasy.premierleague.com/}
                                               \AsIs{>. In particular, it co...
! \textfont 0 is undefined (character a).
\Url@FormatString ...\Url@String \UrlRight \m@th $
                                                  
l.24 <}\url{https://fantasy.premierleague.com/}
                                               \AsIs{>. In particular, it co...
! \textfont 0 is undefined (character n).
\Url@FormatString ...\Url@String \UrlRight \m@th $
                                                  
l.24 <}\url{https://fantasy.premierleague.com/}
                                               \AsIs{>. In particular, it co...
! \textfont 0 is undefined (character t).
\Url@FormatString ...\Url@String \UrlRight \m@th $
                                                  
l.24 <}\url{https://fantasy.premierleague.com/}
                                               \AsIs{>. In particular, it co...
! \textfont 0 is undefined (character a).
\Url@FormatString ...\Url@String \UrlRight \m@th $
                                                  
l.24 <}\url{https://fantasy.premierleague.com/}
                                               \AsIs{>. In particular, it co...
! \textfont 0 is undefined (character s).
\Url@FormatString ...\Url@String \UrlRight \m@th $
                                                  
l.24 <}\url{https://fantasy.premierleague.com/}
                                               \AsIs{>. In particular, it co...
! \textfont 0 is undefined (character y).
\Url@FormatString ...\Url@String \UrlRight \m@th $
                                                  
l.24 <}\url{https://fantasy.premierleague.com/}
                                               \AsIs{>. In particular, it co...
! \textfont 0 is undefined (character .).
\Url@FormatString ...\Url@String \UrlRight \m@th $
                                                  
l.24 <}\url{https://fantasy.premierleague.com/}
                                               \AsIs{>. In particular, it co...
! \textfont 0 is undefined (character p).
\Url@FormatString ...\Url@String \UrlRight \m@th $
                                                  
l.24 <}\url{https://fantasy.premierleague.com/}
                                               \AsIs{>. In particular, it co...
! \textfont 0 is undefined (character r).
\Url@FormatString ...\Url@String \UrlRight \m@th $
                                                  
l.24 <}\url{https://fantasy.premierleague.com/}
                                               \AsIs{>. In particular, it co...
! \textfont 0 is undefined (character e).
\Url@FormatString ...\Url@String \UrlRight \m@th $
                                                  
l.24 <}\url{https://fantasy.premierleague.com/}
                                               \AsIs{>. In particular, it co...
! \textfont 0 is undefined (character m).
\Url@FormatString ...\Url@String \UrlRight \m@th $
                                                  
l.24 <}\url{https://fantasy.premierleague.com/}
                                               \AsIs{>. In particular, it co...
! \textfont 0 is undefined (character i).
\Url@FormatString ...\Url@String \UrlRight \m@th $
                                                  
l.24 <}\url{https://fantasy.premierleague.com/}
                                               \AsIs{>. In particular, it co...
! \textfont 0 is undefined (character e).
\Url@FormatString ...\Url@String \UrlRight \m@th $
                                                  
l.24 <}\url{https://fantasy.premierleague.com/}
                                               \AsIs{>. In particular, it co...
! \textfont 0 is undefined (character r).
\Url@FormatString ...\Url@String \UrlRight \m@th $
                                                  
l.24 <}\url{https://fantasy.premierleague.com/}
                                               \AsIs{>. In particular, it co...
! \textfont 0 is undefined (character l).
\Url@FormatString ...\Url@String \UrlRight \m@th $
                                                  
l.24 <}\url{https://fantasy.premierleague.com/}
                                               \AsIs{>. In particular, it co...
! \textfont 0 is undefined (character e).
\Url@FormatString ...\Url@String \UrlRight \m@th $
                                                  
l.24 <}\url{https://fantasy.premierleague.com/}
                                               \AsIs{>. In particular, it co...
! \textfont 0 is undefined (character a).
\Url@FormatString ...\Url@String \UrlRight \m@th $
                                                  
l.24 <}\url{https://fantasy.premierleague.com/}
                                               \AsIs{>. In particular, it co...
! \textfont 0 is undefined (character g).
\Url@FormatString ...\Url@String \UrlRight \m@th $
                                                  
l.24 <}\url{https://fantasy.premierleague.com/}
                                               \AsIs{>. In particular, it co...
! \textfont 0 is undefined (character u).
\Url@FormatString ...\Url@String \UrlRight \m@th $
                                                  
l.24 <}\url{https://fantasy.premierleague.com/}
                                               \AsIs{>. In particular, it co...
! \textfont 0 is undefined (character e).
\Url@FormatString ...\Url@String \UrlRight \m@th $
                                                  
l.24 <}\url{https://fantasy.premierleague.com/}
                                               \AsIs{>. In particular, it co...
! \textfont 0 is
Error in running tools::texi2pdf()
You may want to clean up by 'rm -Rf C:/Users/ANDREW~1.LIT/AppData/Local/Temp/RtmpOIq4P3/Rd2pdf2a14342872bf'
